#
# A fatal error has been detected by the Java Runtime Environment:
#
#  SIGSEGV (0xb) at pc=0x000000012a67658d, pid=3722, tid=2571
#
# JRE version: Java(TM) SE Runtime Environment (8.0_45-b14) (build 1.8.0_45-b14)
# Java VM: Java HotSpot(TM) 64-Bit Server VM (25.45-b02 mixed mode bsd-amd64 compressed oops)
# Problematic frame:
# C  [libglass.dylib+0x1558d]  GlassScreenDidChangeScreenParameters+0x9d
#
# Failed to write core dump. Core dumps have been disabled. To enable core dumping, try "ulimit -c unlimited" before starting Java again
#
# If you would like to submit a bug report, please visit:
#   http://bugreport.java.com/bugreport/crash.jsp
#

---------------  T H R E A D  ---------------

Current thread is native thread

siginfo: si_signo: 11 (SIGSEGV), si_code: 1 (SEGV_MAPERR), si_addr: 0x0000000000000000

Registers:
RAX=0x000000012a6a8bc0, RBX=0x0000000000000000, RCX=0x0000000000000103, RDX=0x00007fc9d385cea8
RSP=0x00007fff503b8be0, RBP=0x00007fff503b8bf0, RSI=0x00007fc9d1617240, RDI=0x0000000000000000
R8 =0x0000000000000040, R9 =0x00007fff7dd481e0, R10=0xffffffffffffffff, R11=0x0000000000000246
R12=0x00007fc9d3b1d1b0, R13=0x00007fc9d16494b0, R14=0x00007fc9d1649570, R15=0x0000000000000000
RIP=0x000000012a67658d, EFLAGS=0x0000000000010202, ERR=0x0000000000000004
  TRAPNO=0x000000000000000e

Top of Stack: (sp=0x00007fff503b8be0)
0x00007fff503b8be0:   00007fff503b8c38 00007fc9d1649570
0x00007fff503b8bf0:   00007fff503b8c00 00007fff8f59e70c
0x00007fff503b8c00:   00007fff503b8c20 00007fff8f59e67f
0x00007fff503b8c10:   0000000000000000 0000000000000000
0x00007fff503b8c20:   00007fff503b8c90 00007fff8f59dd47
0x00007fff503b8c30:   00007fff7d7fb1f0 00007fff7d6620a0
0x00007fff503b8c40:   0000000042000000 00007fff8f59e640
0x00007fff503b8c50:   00007fff7b0a8720 00007fc9d16494b0
0x00007fff503b8c60:   00007fc9d3b1d1b0 00007fff503b9438
0x00007fff503b8c70:   00007fff7b1d5780 00007fff503b9438
0x00007fff503b8c80:   00007fc9d16494b0 00007fff8f8d6b0f
0x00007fff503b8c90:   00007fff503b8cd0 00007fff8f59dab2
0x00007fff503b8ca0:   00007fff503b92b0 0000000000000000
0x00007fff503b8cb0:   00007fff7b1d5780 00007fff503b9438
0x00007fff503b8cc0:   00007fff9932e4c0 00007fff8f8d6b0f
0x00007fff503b8cd0:   00007fff503b93e0 00007fff8f597d42
0x00007fff503b8ce0:   00007fff503b8d30 00007fff9312b70d
0x00007fff503b8cf0:   00007fc9d1428730 00007fc9d140aae0
0x00007fff503b8d00:   00007fc9d1809048 00007fc9d1535700
0x00007fff503b8d10:   0000000000000000 00007fc9d16495d0
0x00007fff503b8d20:   0000000000000000 0000000000000000
0x00007fff503b8d30:   00007fff7b0e5bc0 00007fff503b92b0
0x00007fff503b8d40:   0000000000000001 0000000000000100
0x00007fff503b8d50:   0000000000001700 00007fff503b91b0
0x00007fff503b8d60:   0000000000000000 0000000000000100
0x00007fff503b8d70:   00007fff503b8d00 00007fff7b1d5780
0x00007fff503b8d80:   0000000000000000 00007fff7b0a9500
0x00007fff503b8d90:   00007fff7b1d5780 0000000000000000
0x00007fff503b8da0:   00007fff7b0a9500 00007fc9d3b1cc90
0x00007fff503b8db0:   00007fc9d1428700 0000000000000002
0x00007fff503b8dc0:   0000000000000000 00007fff9932e4c0
0x00007fff503b8dd0:   00007fff503b8f90 00007fff9d25c348 

Instructions: (pc=0x000000012a67658d)
0x000000012a67656d:   89 df 4c 89 f1 41 ff 90 68 04 00 00 48 8d 05 48
0x000000012a67657d:   25 03 00 48 8b 30 48 8d 05 36 26 03 00 48 8b 10
0x000000012a67658d:   48 8b 0b 30 c0 48 89 df ff 91 68 04 00 00 48 8b
0x000000012a67659d:   03 48 89 df ff 50 78 48 85 c0 74 36 49 89 c6 48 

Register to memory mapping:

RAX=0x000000012a6a8bc0: jScreenNotifySettingsChanged+0 in /Library/Java/JavaVirtualMachines/jdk1.8.0_45.jdk/Contents/Home/jre/lib/libglass.dylib at 0x000000012a661000
RBX=0x0000000000000000 is an unknown value
RCX=0x0000000000000103 is an unknown value
RDX=0x00007fc9d385cea8 is an unknown value
RSP=0x00007fff503b8be0 is an unknown value
RBP=0x00007fff503b8bf0 is an unknown value
RSI=0x00007fc9d1617240 is a global jni handle
RDI=0x0000000000000000 is an unknown value
R8 =0x0000000000000040 is an unknown value
R9 =0x00007fff7dd481e0: __sFX+0x1c0 in /usr/lib/system/libsystem_c.dylib at 0x00007fff9e71f000
R10=0xffffffffffffffff is an unknown value
R11=0x0000000000000246 is an unknown value
R12=0x00007fc9d3b1d1b0 is an unknown value
R13=0x00007fc9d16494b0 is an unknown value
R14=0x00007fc9d1649570 is an unknown value
R15=0x0000000000000000 is an unknown value


Stack: [0x00007fff4fbbc000,0x00007fff503bc000],  sp=0x00007fff503b8be0,  free space=8178k
Native frames: (J=compiled Java code, j=interpreted, Vv=VM code, C=native code)
C  [libglass.dylib+0x1558d]  GlassScreenDidChangeScreenParameters+0x9d
C  [CoreFoundation+0x12870c]  __CFNOTIFICATIONCENTER_IS_CALLING_OUT_TO_AN_OBSERVER__+0xc
C  [CoreFoundation+0x12867f]  ___CFXRegistrationPost_block_invoke+0x3f
C  [CoreFoundation+0x127d47]  _CFXRegistrationPost+0x197
C  [CoreFoundation+0x127ab2]  ___CFXNotificationPost_block_invoke+0x32
C  [CoreFoundation+0x121d42]  -[_CFXNotificationRegistrar find:object:observer:enumerator:]+0x782
C  [CoreFoundation+0x10145]  _CFXNotificationPost+0x2b5
C  [Foundation+0x7921]  -[NSNotificationCenter postNotificationName:object:userInfo:]+0x42
C  [AppKit+0x3d9ca8]  -[NSApplication _reactToScreenInvalidationImmediately:]+0x17f
C  [AppKit+0x3d9af9]  __44-[NSApplication _reactToScreenInvalidation:]_block_invoke+0x3b
C  [CoreFoundation+0x7e4ac]  __CFRUNLOOP_IS_CALLING_OUT_TO_A_BLOCK__+0xc
C  [CoreFoundation+0x70165]  __CFRunLoopDoBlocks+0x155
C  [CoreFoundation+0x6fecb]  __CFRunLoopRun+0x92b
C  [CoreFoundation+0x6f338]  CFRunLoopRunSpecific+0x128
C  [java+0x6490]  CreateExecutionEnvironment+0x367
C  [java+0x221c]  JLI_Launch+0x7a0
C  [java+0x84ed]  main+0x65
C  [java+0x1a74]  start+0x34


---------------  P R O C E S S  ---------------

VM state:at safepoint (normal execution)

VM Mutex/Monitor currently owned by a thread:  ([mutex/lock_event])
[0x00007fc9d3901260] Threads_lock - owner thread: 0x00007fc9d2858800
[0x00007fc9d3901760] Heap_lock - owner thread: 0x00007fc9d43e3800

Heap:
 PSYoungGen      total 143872K, used 63696K [0x0000000795580000, 0x000000079ed80000, 0x00000007c0000000)
  eden space 133120K, 43% used [0x0000000795580000,0x0000000798e9c760,0x000000079d780000)
  from space 10752K, 48% used [0x000000079e300000,0x000000079e8179b0,0x000000079ed80000)
  to   space 11264K, 0% used [0x000000079d780000,0x000000079d780000,0x000000079e280000)
 ParOldGen       total 87552K, used 6761K [0x0000000740000000, 0x0000000745580000, 0x0000000795580000)
  object space 87552K, 7% used [0x0000000740000000,0x000000074069a480,0x0000000745580000)
 Metaspace       used 16986K, capacity 17928K, committed 18048K, reserved 1064960K
  class space    used 2405K, capacity 2639K, committed 2688K, reserved 1048576K

Card table byte_map: [0x0000000120f29000,0x000000012132a000] byte_map_base: 0x000000011d529000

Marking Bits: (ParMarkBitMap*) 0x00000001114c27a0
 Begin Bits: [0x00000001215d5000, 0x00000001235d5000)
 End Bits:   [0x00000001235d5000, 0x00000001255d5000)

Polling page: 0x000000010fb07000

CodeCache: size=245760Kb used=5970Kb max_used=5974Kb free=239789Kb
 bounds [0x0000000111b69000, 0x0000000112149000, 0x0000000120b69000]
 total_blobs=2540 nmethods=1866 adapters=587
 compilation: enabled

Compilation events (10 events):
Event: 57.500 Thread 0x00007fc9d2006800 1863       4       java.lang.StrictMath::floorOrCeil (128 bytes)
Event: 57.502 Thread 0x00007fc9d2006800 nmethod 1863 0x0000000112130d10 code [0x0000000112130e80, 0x0000000112130f58]
Event: 61.248 Thread 0x00007fc9d400e800 1864       3       javafx.collections.ObservableListBase::hasListeners (8 bytes)
Event: 61.249 Thread 0x00007fc9d400e800 nmethod 1864 0x0000000112130810 code [0x0000000112130980, 0x0000000112130b90]
Event: 61.249 Thread 0x00007fc9d400e800 1865       3       com.sun.javafx.collections.ListListenerHelper::hasListeners (10 bytes)
Event: 61.249 Thread 0x00007fc9d400e800 nmethod 1865 0x0000000112131990 code [0x0000000112131b00, 0x0000000112131c90]
Event: 61.600 Thread 0x00007fc9d400e800 1866       3       java.util.HashMap::remove (26 bytes)
Event: 61.600 Thread 0x00007fc9d400e800 nmethod 1866 0x0000000112131290 code [0x0000000112131420, 0x0000000112131838]
Event: 61.608 Thread 0x00007fc9d400e800 1867       3       java.lang.invoke.AbstractValidatingLambdaMetafactory::isAdaptableTo (126 bytes)
Event: 61.608 Thread 0x00007fc9d400e800 nmethod 1867 0x00000001121385d0 code [0x0000000112138840, 0x0000000112139728]

GC Heap History (10 events):
Event: 1.448 GC heap before
{Heap before GC invocations=2 (full 0):
 PSYoungGen      total 38400K, used 38032K [0x0000000795580000, 0x0000000798000000, 0x00000007c0000000)
  eden space 33280K, 99% used [0x0000000795580000,0x00000007975fb928,0x0000000797600000)
  from space 5120K, 93% used [0x0000000797600000,0x0000000797aa8ab0,0x0000000797b00000)
  to   space 5120K, 0% used [0x0000000797b00000,0x0000000797b00000,0x0000000798000000)
 ParOldGen       total 87552K, used 16K [0x0000000740000000, 0x0000000745580000, 0x0000000795580000)
  object space 87552K, 0% used [0x0000000740000000,0x0000000740004000,0x0000000745580000)
 Metaspace       used 16582K, capacity 17500K, committed 17792K, reserved 1064960K
  class space    used 2362K, capacity 2591K, committed 2688K, reserved 1048576K
Event: 1.456 GC heap after
Heap after GC invocations=2 (full 0):
 PSYoungGen      total 38400K, used 5112K [0x0000000795580000, 0x000000079a080000, 0x00000007c0000000)
  eden space 33280K, 0% used [0x0000000795580000,0x0000000795580000,0x0000000797600000)
  from space 5120K, 99% used [0x0000000797b00000,0x0000000797ffe318,0x0000000798000000)
  to   space 5120K, 0% used [0x0000000797600000,0x0000000797600000,0x0000000797b00000)
 ParOldGen       total 87552K, used 6592K [0x0000000740000000, 0x0000000745580000, 0x0000000795580000)
  object space 87552K, 7% used [0x0000000740000000,0x0000000740670168,0x0000000745580000)
 Metaspace       used 16582K, capacity 17500K, committed 17792K, reserved 1064960K
  class space    used 2362K, capacity 2591K, committed 2688K, reserved 1048576K
}
Event: 1.464 GC heap before
{Heap before GC invocations=3 (full 0):
 PSYoungGen      total 38400K, used 38335K [0x0000000795580000, 0x000000079a080000, 0x00000007c0000000)
  eden space 33280K, 99% used [0x0000000795580000,0x00000007975f1cd0,0x0000000797600000)
  from space 5120K, 99% used [0x0000000797b00000,0x0000000797ffe318,0x0000000798000000)
  to   space 5120K, 0% used [0x0000000797600000,0x0000000797600000,0x0000000797b00000)
 ParOldGen       total 87552K, used 6592K [0x0000000740000000, 0x0000000745580000, 0x0000000795580000)
  object space 87552K, 7% used [0x0000000740000000,0x0000000740670168,0x0000000745580000)
 Metaspace       used 16583K, capacity 17500K, committed 17792K, reserved 1064960K
  class space    used 2362K, capacity 2591K, committed 2688K, reserved 1048576K
Event: 1.467 GC heap after
Heap after GC invocations=3 (full 0):
 PSYoungGen      total 38400K, used 5095K [0x0000000795580000, 0x000000079a080000, 0x00000007c0000000)
  eden space 33280K, 0% used [0x0000000795580000,0x0000000795580000,0x0000000797600000)
  from space 5120K, 99% used [0x0000000797600000,0x0000000797af9e58,0x0000000797b00000)
  to   space 5120K, 0% used [0x0000000799b80000,0x0000000799b80000,0x000000079a080000)
 ParOldGen       total 87552K, used 6660K [0x0000000740000000, 0x0000000745580000, 0x0000000795580000)
  object space 87552K, 7% used [0x0000000740000000,0x0000000740681030,0x0000000745580000)
 Metaspace       used 16583K, capacity 17500K, committed 17792K, reserved 1064960K
  class space    used 2362K, capacity 2591K, committed 2688K, reserved 1048576K
}
Event: 1.472 GC heap before
{Heap before GC invocations=4 (full 0):
 PSYoungGen      total 38400K, used 38362K [0x0000000795580000, 0x000000079a080000, 0x00000007c0000000)
  eden space 33280K, 99% used [0x0000000795580000,0x00000007975fcb28,0x0000000797600000)
  from space 5120K, 99% used [0x0000000797600000,0x0000000797af9e58,0x0000000797b00000)
  to   space 5120K, 0% used [0x0000000799b80000,0x0000000799b80000,0x000000079a080000)
 ParOldGen       total 87552K, used 6660K [0x0000000740000000, 0x0000000745580000, 0x0000000795580000)
  object space 87552K, 7% used [0x0000000740000000,0x0000000740681030,0x0000000745580000)
 Metaspace       used 16583K, capacity 17500K, committed 17792K, reserved 1064960K
  class space    used 2362K, capacity 2591K, committed 2688K, reserved 1048576K
Event: 1.477 GC heap after
Heap after GC invocations=4 (full 0):
 PSYoungGen      total 71680K, used 5102K [0x0000000795580000, 0x000000079a080000, 0x00000007c0000000)
  eden space 66560K, 0% used [0x0000000795580000,0x0000000795580000,0x0000000799680000)
  from space 5120K, 99% used [0x0000000799b80000,0x000000079a07b9f8,0x000000079a080000)
  to   space 5120K, 0% used [0x0000000799680000,0x0000000799680000,0x0000000799b80000)
 ParOldGen       total 87552K, used 6705K [0x0000000740000000, 0x0000000745580000, 0x0000000795580000)
  object space 87552K, 7% used [0x0000000740000000,0x000000074068c430,0x0000000745580000)
 Metaspace       used 16583K, capacity 17500K, committed 17792K, reserved 1064960K
  class space    used 2362K, capacity 2591K, committed 2688K, reserved 1048576K
}
Event: 1.497 GC heap before
{Heap before GC invocations=5 (full 0):
 PSYoungGen      total 71680K, used 71567K [0x0000000795580000, 0x000000079a080000, 0x00000007c0000000)
  eden space 66560K, 99% used [0x0000000795580000,0x00000007996685f8,0x0000000799680000)
  from space 5120K, 99% used [0x0000000799b80000,0x000000079a07b9f8,0x000000079a080000)
  to   space 5120K, 0% used [0x0000000799680000,0x0000000799680000,0x0000000799b80000)
 ParOldGen       total 87552K, used 6705K [0x0000000740000000, 0x0000000745580000, 0x0000000795580000)
  object space 87552K, 7% used [0x0000000740000000,0x000000074068c430,0x0000000745580000)
 Metaspace       used 16584K, capacity 17500K, committed 17792K, reserved 1064960K
  class space    used 2362K, capacity 2591K, committed 2688K, reserved 1048576K
Event: 1.502 GC heap after
Heap after GC invocations=5 (full 0):
 PSYoungGen      total 71680K, used 5105K [0x0000000795580000, 0x000000079ee80000, 0x00000007c0000000)
  eden space 66560K, 0% used [0x0000000795580000,0x0000000795580000,0x0000000799680000)
  from space 5120K, 99% used [0x0000000799680000,0x0000000799b7c770,0x0000000799b80000)
  to   space 11776K, 0% used [0x000000079e300000,0x000000079e300000,0x000000079ee80000)
 ParOldGen       total 87552K, used 6761K [0x0000000740000000, 0x0000000745580000, 0x0000000795580000)
  object space 87552K, 7% used [0x0000000740000000,0x000000074069a480,0x0000000745580000)
 Metaspace       used 16584K, capacity 17500K, committed 17792K, reserved 1064960K
  class space    used 2362K, capacity 2591K, committed 2688K, reserved 1048576K
}
Event: 1.514 GC heap before
{Heap before GC invocations=6 (full 0):
 PSYoungGen      total 71680K, used 71644K [0x0000000795580000, 0x000000079ee80000, 0x00000007c0000000)
  eden space 66560K, 99% used [0x0000000795580000,0x000000079967a9f8,0x0000000799680000)
  from space 5120K, 99% used [0x0000000799680000,0x0000000799b7c770,0x0000000799b80000)
  to   space 11776K, 0% used [0x000000079e300000,0x000000079e300000,0x000000079ee80000)
 ParOldGen       total 87552K, used 6761K [0x0000000740000000, 0x0000000745580000, 0x0000000795580000)
  object space 87552K, 7% used [0x0000000740000000,0x000000074069a480,0x0000000745580000)
 Metaspace       used 16584K, capacity 17500K, committed 17792K, reserved 1064960K
  class space    used 2362K, capacity 2591K, committed 2688K, reserved 1048576K
Event: 1.519 GC heap after
Heap after GC invocations=6 (full 0):
 PSYoungGen      total 143872K, used 5214K [0x0000000795580000, 0x000000079ed80000, 0x00000007c0000000)
  eden space 133120K, 0% used [0x0000000795580000,0x0000000795580000,0x000000079d780000)
  from space 10752K, 48% used [0x000000079e300000,0x000000079e8179b0,0x000000079ed80000)
  to   space 11264K, 0% used [0x000000079d780000,0x000000079d780000,0x000000079e280000)
 ParOldGen       total 87552K, used 6761K [0x0000000740000000, 0x0000000745580000, 0x0000000795580000)
  object space 87552K, 7% used [0x0000000740000000,0x000000074069a480,0x0000000745580000)
 Metaspace       used 16584K, capacity 17500K, committed 17792K, reserved 1064960K
  class space    used 2362K, capacity 2591K, committed 2688K, reserved 1048576K
}

Deoptimization events (10 events):
Event: 1.524 Thread 0x00007fc9d2c50800 Uncommon trap: reason=unstable_if action=reinterpret pc=0x000000011205e60c method=sun.text.normalizer.TrieIterator.next(Lsun/text/normalizer/RangeValueIterator$Element;)Z @ 6
Event: 1.550 Thread 0x00007fc9d2c50800 Uncommon trap: reason=unstable_if action=reinterpret pc=0x000000011205418c method=java.util.regex.Pattern$Ctype.isSatisfiedBy(I)Z @ 4
Event: 1.550 Thread 0x00007fc9d2c50800 Uncommon trap: reason=unstable_if action=reinterpret pc=0x000000011204a55c method=java.util.regex.Pattern$Ctype.isSatisfiedBy(I)Z @ 4
Event: 1.550 Thread 0x00007fc9d2c50800 Uncommon trap: reason=unstable_if action=reinterpret pc=0x0000000112025f50 method=java.util.regex.Pattern$Ctype.isSatisfiedBy(I)Z @ 4
Event: 1.581 Thread 0x00007fc9d2c50800 Uncommon trap: reason=unstable_if action=reinterpret pc=0x0000000112050640 method=sun.text.normalizer.UnicodeSet.findCodePoint(I)I @ 32
Event: 61.599 Thread 0x00007fc9d1890000 Uncommon trap: reason=class_check action=maybe_recompile pc=0x0000000112135380 method=java.util.concurrent.locks.AbstractQueuedSynchronizer.release(I)Z @ 2
Event: 61.609 Thread 0x00007fc9d191c000 Uncommon trap: reason=unstable_if action=reinterpret pc=0x000000011212fb30 method=java.util.concurrent.locks.ReentrantLock$NonfairSync.lock()V @ 6
Event: 61.609 Thread 0x00007fc9d191c000 Uncommon trap: reason=class_check action=maybe_recompile pc=0x0000000112135380 method=java.util.concurrent.locks.AbstractQueuedSynchronizer.release(I)Z @ 2
Event: 61.609 Thread 0x00007fc9d191c000 Uncommon trap: reason=unstable_if action=reinterpret pc=0x0000000112134fe4 method=java.util.concurrent.locks.ReentrantLock$Sync.tryRelease(I)Z @ 28
Event: 61.609 Thread 0x00007fc9d191c000 Uncommon trap: reason=class_check action=maybe_recompile pc=0x0000000112135380 method=java.util.concurrent.locks.AbstractQueuedSynchronizer.release(I)Z @ 2

Internal exceptions (10 events):
Event: 0.148 Thread 0x00007fc9d2801000 Exception <a 'java/security/PrivilegedActionException'> (0x0000000795914190) thrown at [/Users/java_re/workspace/8-2-build-macosx-x86_64/jdk8u45/3457/hotspot/src/share/vm/prims/jvm.cpp, line 1382]
Event: 0.148 Thread 0x00007fc9d2801000 Exception <a 'java/security/PrivilegedActionException'> (0x0000000795914348) thrown at [/Users/java_re/workspace/8-2-build-macosx-x86_64/jdk8u45/3457/hotspot/src/share/vm/prims/jvm.cpp, line 1382]
Event: 0.148 Thread 0x00007fc9d2801000 Exception <a 'java/lang/NullPointerException'> (0x0000000795914ae0) thrown at [/Users/java_re/workspace/8-2-build-macosx-x86_64/jdk8u45/3457/hotspot/src/share/vm/interpreter/linkResolver.cpp, line 1178]
Event: 0.430 Thread 0x00007fc9d191c000 Exception <a 'java/lang/NullPointerException'> (0x0000000796284df8) thrown at [/Users/java_re/workspace/8-2-build-macosx-x86_64/jdk8u45/3457/hotspot/src/share/vm/interpreter/linkResolver.cpp, line 1178]
Event: 0.430 Thread 0x00007fc9d191c000 Exception <a 'java/lang/NullPointerException'> (0x0000000796284df8) thrown at [/Users/java_re/workspace/8-2-build-macosx-x86_64/jdk8u45/3457/hotspot/src/share/vm/prims/jvm.cpp, line 1386]
Event: 0.578 Thread 0x00007fc9d191c000 Exception <a 'sun/nio/fs/UnixException'> (0x000000079684ffd8) thrown at [/Users/java_re/workspace/8-2-build-macosx-x86_64/jdk8u45/3457/hotspot/src/share/vm/prims/jni.cpp, line 709]
Event: 0.579 Thread 0x00007fc9d191c000 Exception <a 'sun/nio/fs/UnixException'> (0x0000000796851c08) thrown at [/Users/java_re/workspace/8-2-build-macosx-x86_64/jdk8u45/3457/hotspot/src/share/vm/prims/jni.cpp, line 709]
Event: 0.586 Thread 0x00007fc9d191c000 Implicit null exception at 0x0000000111d88a75 to 0x0000000111d88dd5
Event: 1.620 Thread 0x00007fc9d43c9000 Exception <a 'java/io/FileNotFoundException'> (0x0000000797f99108) thrown at [/Users/java_re/workspace/8-2-build-macosx-x86_64/jdk8u45/3457/hotspot/src/share/vm/prims/jni.cpp, line 709]
Event: 1.620 Thread 0x00007fc9d43c9000 Exception <a 'java/io/FileNotFoundException'> (0x0000000797f99c18) thrown at [/Users/java_re/workspace/8-2-build-macosx-x86_64/jdk8u45/3457/hotspot/src/share/vm/prims/jni.cpp, line 709]

Events (10 events):
Event: 61.609 Thread 0x00007fc9d43e3800 Thread added: 0x00007fc9d43e3800
Event: 61.609 loading class java/util/IdentityHashMap$KeySet
Event: 61.610 loading class java/util/IdentityHashMap$KeySet done
Event: 61.610 loading class java/util/IdentityHashMap$KeyIterator
Event: 61.610 loading class java/util/IdentityHashMap$IdentityHashMapIterator
Event: 61.610 loading class java/util/IdentityHashMap$IdentityHashMapIterator done
Event: 61.610 loading class java/util/IdentityHashMap$KeyIterator done
Event: 61.610 Thread 0x00007fc9d43eb800 Thread added: 0x00007fc9d43eb800
Event: 61.610 Thread 0x00007fc9d43eb800 Thread exited: 0x00007fc9d43eb800
Event: 61.610 Thread 0x00007fc9d43e3800 Thread exited: 0x00007fc9d43e3800


Dynamic libraries:
0x0000000009db0000 	/System/Library/Frameworks/Cocoa.framework/Versions/A/Cocoa
0x0000000009db0000 	/System/Library/Frameworks/Security.framework/Versions/A/Security
0x0000000009db0000 	/System/Library/Frameworks/ApplicationServices.framework/Versions/A/ApplicationServices
0x0000000009db0000 	/usr/lib/libz.1.dylib
0x0000000009db0000 	/usr/lib/libSystem.B.dylib
0x0000000009db0000 	/usr/lib/libobjc.A.dylib
0x0000000009db0000 	/System/Library/Frameworks/CoreFoundation.framework/Versions/A/CoreFoundation
0x0000000009db0000 	/System/Library/Frameworks/Foundation.framework/Versions/C/Foundation
0x0000000009db0000 	/System/Library/Frameworks/AppKit.framework/Versions/C/AppKit
0x0000000009db0000 	/System/Library/Frameworks/CoreData.framework/Versions/A/CoreData
0x0000000009db0000 	/System/Library/PrivateFrameworks/RemoteViewServices.framework/Versions/A/RemoteViewServices
0x0000000009db0000 	/System/Library/PrivateFrameworks/UIFoundation.framework/Versions/A/UIFoundation
0x0000000009db0000 	/usr/lib/libScreenReader.dylib
0x0000000009db0000 	/System/Library/Frameworks/Accelerate.framework/Versions/A/Accelerate
0x0000000009db0000 	/System/Library/Frameworks/IOSurface.framework/Versions/A/IOSurface
0x0000000009db0000 	/System/Library/Frameworks/AudioToolbox.framework/Versions/A/AudioToolbox
0x0000000009db0000 	/System/Library/Frameworks/AudioUnit.framework/Versions/A/AudioUnit
0x0000000009db0000 	/System/Library/PrivateFrameworks/DataDetectorsCore.framework/Versions/A/DataDetectorsCore
0x0000000009db0000 	/System/Library/PrivateFrameworks/DesktopServicesPriv.framework/Versions/A/DesktopServicesPriv
0x0000000009db0000 	/System/Library/Frameworks/Carbon.framework/Versions/A/Frameworks/HIToolbox.framework/Versions/A/HIToolbox
0x0000000009db0000 	/System/Library/Frameworks/QuartzCore.framework/Versions/A/QuartzCore
0x0000000009db0000 	/System/Library/Frameworks/Carbon.framework/Versions/A/Frameworks/SpeechRecognition.framework/Versions/A/SpeechRecognition
0x0000000009db0000 	/usr/lib/libauto.dylib
0x0000000009db0000 	/usr/lib/libicucore.A.dylib
0x0000000009db0000 	/usr/lib/libxml2.2.dylib
0x0000000009db0000 	/System/Library/PrivateFrameworks/CoreUI.framework/Versions/A/CoreUI
0x0000000009db0000 	/System/Library/Frameworks/CoreAudio.framework/Versions/A/CoreAudio
0x0000000009db0000 	/System/Library/Frameworks/DiskArbitration.framework/Versions/A/DiskArbitration
0x0000000009db0000 	/usr/lib/liblangid.dylib
0x0000000009db0000 	/System/Library/PrivateFrameworks/MultitouchSupport.framework/Versions/A/MultitouchSupport
0x0000000009db0000 	/System/Library/Frameworks/IOKit.framework/Versions/A/IOKit
0x0000000009db0000 	/usr/lib/libDiagnosticMessagesClient.dylib
0x0000000009db0000 	/System/Library/Frameworks/CoreServices.framework/Versions/A/CoreServices
0x0000000009db0000 	/System/Library/PrivateFrameworks/PerformanceAnalysis.framework/Versions/A/PerformanceAnalysis
0x0000000009db0000 	/System/Library/PrivateFrameworks/GenerationalStorage.framework/Versions/A/GenerationalStorage
0x0000000009db0000 	/System/Library/Frameworks/OpenGL.framework/Versions/A/OpenGL
0x0000000009db0000 	/System/Library/PrivateFrameworks/Sharing.framework/Versions/A/Sharing
0x0000000009db0000 	/System/Library/Frameworks/CoreGraphics.framework/Versions/A/CoreGraphics
0x0000000009db0000 	/System/Library/Frameworks/CoreImage.framework/Versions/A/CoreImage
0x0000000009db0000 	/System/Library/Frameworks/CoreText.framework/Versions/A/CoreText
0x0000000009db0000 	/System/Library/Frameworks/ImageIO.framework/Versions/A/ImageIO
0x0000000009db0000 	/System/Library/PrivateFrameworks/Backup.framework/Versions/A/Backup
0x0000000009db0000 	/usr/lib/libextension.dylib
0x0000000009db0000 	/usr/lib/libarchive.2.dylib
0x0000000009db0000 	/System/Library/Frameworks/CFNetwork.framework/Versions/A/CFNetwork
0x0000000009db0000 	/System/Library/Frameworks/SystemConfiguration.framework/Versions/A/SystemConfiguration
0x0000000009db0000 	/usr/lib/libCRFSuite.dylib
0x0000000009db0000 	/usr/lib/libc++.1.dylib
0x0000000009db0000 	/usr/lib/libc++abi.dylib
0x0000000009db0000 	/usr/lib/system/libcache.dylib
0x0000000009db0000 	/usr/lib/system/libcommonCrypto.dylib
0x0000000009db0000 	/usr/lib/system/libcompiler_rt.dylib
0x0000000009db0000 	/usr/lib/system/libcopyfile.dylib
0x0000000009db0000 	/usr/lib/system/libcorecrypto.dylib
0x0000000009db0000 	/usr/lib/system/libdispatch.dylib
0x0000000009db0000 	/usr/lib/system/libdyld.dylib
0x0000000009db0000 	/usr/lib/system/libkeymgr.dylib
0x0000000009db0000 	/usr/lib/system/liblaunch.dylib
0x0000000009db0000 	/usr/lib/system/libmacho.dylib
0x0000000009db0000 	/usr/lib/system/libquarantine.dylib
0x0000000009db0000 	/usr/lib/system/libremovefile.dylib
0x0000000009db0000 	/usr/lib/system/libsystem_asl.dylib
0x0000000009db0000 	/usr/lib/system/libsystem_blocks.dylib
0x0000000009db0000 	/usr/lib/system/libsystem_c.dylib
0x0000000009db0000 	/usr/lib/system/libsystem_configuration.dylib
0x0000000009db0000 	/usr/lib/system/libsystem_coreservices.dylib
0x0000000009db0000 	/usr/lib/system/libsystem_coretls.dylib
0x0000000009db0000 	/usr/lib/system/libsystem_dnssd.dylib
0x0000000009db0000 	/usr/lib/system/libsystem_info.dylib
0x0000000009db0000 	/usr/lib/system/libsystem_kernel.dylib
0x0000000009db0000 	/usr/lib/system/libsystem_m.dylib
0x0000000009db0000 	/usr/lib/system/libsystem_malloc.dylib
0x0000000009db0000 	/usr/lib/system/libsystem_network.dylib
0x0000000009db0000 	/usr/lib/system/libsystem_networkextension.dylib
0x0000000009db0000 	/usr/lib/system/libsystem_notify.dylib
0x0000000009db0000 	/usr/lib/system/libsystem_platform.dylib
0x0000000009db0000 	/usr/lib/system/libsystem_pthread.dylib
0x0000000009db0000 	/usr/lib/system/libsystem_sandbox.dylib
0x0000000009db0000 	/usr/lib/system/libsystem_secinit.dylib
0x0000000009db0000 	/usr/lib/system/libsystem_trace.dylib
0x0000000009db0000 	/usr/lib/system/libunc.dylib
0x0000000009db0000 	/usr/lib/system/libunwind.dylib
0x0000000009db0000 	/usr/lib/system/libxpc.dylib
0x0000000009db0000 	/usr/lib/libenergytrace.dylib
0x0000000009db0000 	/usr/lib/libbsm.0.dylib
0x0000000009db0000 	/usr/lib/system/libkxld.dylib
0x0000000009db0000 	/usr/lib/libxar.1.dylib
0x0000000009db0000 	/usr/lib/libsqlite3.dylib
0x0000000009db0000 	/usr/lib/libpam.2.dylib
0x0000000009db0000 	/usr/lib/libOpenScriptingUtil.dylib
0x0000000009db0000 	/usr/lib/libbz2.1.0.dylib
0x0000000009db0000 	/usr/lib/liblzma.5.dylib
0x0000000009db0000 	/System/Library/Frameworks/CoreServices.framework/Versions/A/Frameworks/FSEvents.framework/Versions/A/FSEvents
0x0000000009db0000 	/System/Library/Frameworks/CoreServices.framework/Versions/A/Frameworks/CarbonCore.framework/Versions/A/CarbonCore
0x0000000009db0000 	/System/Library/Frameworks/CoreServices.framework/Versions/A/Frameworks/Metadata.framework/Versions/A/Metadata
0x0000000009db0000 	/System/Library/Frameworks/CoreServices.framework/Versions/A/Frameworks/OSServices.framework/Versions/A/OSServices
0x0000000009db0000 	/System/Library/Frameworks/CoreServices.framework/Versions/A/Frameworks/SearchKit.framework/Versions/A/SearchKit
0x0000000009db0000 	/System/Library/Frameworks/CoreServices.framework/Versions/A/Frameworks/AE.framework/Versions/A/AE
0x0000000009db0000 	/System/Library/Frameworks/CoreServices.framework/Versions/A/Frameworks/LaunchServices.framework/Versions/A/LaunchServices
0x0000000009db0000 	/System/Library/Frameworks/CoreServices.framework/Versions/A/Frameworks/DictionaryServices.framework/Versions/A/DictionaryServices
0x0000000009db0000 	/System/Library/Frameworks/CoreServices.framework/Versions/A/Frameworks/SharedFileList.framework/Versions/A/SharedFileList
0x0000000009db0000 	/System/Library/Frameworks/NetFS.framework/Versions/A/NetFS
0x0000000009db0000 	/System/Library/PrivateFrameworks/NetAuth.framework/Versions/A/NetAuth
0x0000000009db0000 	/System/Library/PrivateFrameworks/login.framework/Versions/A/Frameworks/loginsupport.framework/Versions/A/loginsupport
0x0000000009db0000 	/System/Library/PrivateFrameworks/TCC.framework/Versions/A/TCC
0x0000000009db0000 	/usr/lib/libmecabra.dylib
0x0000000009db0000 	/System/Library/Frameworks/ApplicationServices.framework/Versions/A/Frameworks/ATS.framework/Versions/A/ATS
0x0000000009db0000 	/System/Library/Frameworks/ApplicationServices.framework/Versions/A/Frameworks/ColorSync.framework/Versions/A/ColorSync
0x0000000009db0000 	/System/Library/Frameworks/ApplicationServices.framework/Versions/A/Frameworks/HIServices.framework/Versions/A/HIServices
0x0000000009db0000 	/System/Library/Frameworks/ApplicationServices.framework/Versions/A/Frameworks/LangAnalysis.framework/Versions/A/LangAnalysis
0x0000000009db0000 	/System/Library/Frameworks/ApplicationServices.framework/Versions/A/Frameworks/PrintCore.framework/Versions/A/PrintCore
0x0000000009db0000 	/System/Library/Frameworks/ApplicationServices.framework/Versions/A/Frameworks/QD.framework/Versions/A/QD
0x0000000009db0000 	/System/Library/Frameworks/ApplicationServices.framework/Versions/A/Frameworks/SpeechSynthesis.framework/Versions/A/SpeechSynthesis
0x0000000009db0000 	/System/Library/Frameworks/Metal.framework/Versions/A/Metal
0x0000000009db0000 	/System/Library/Frameworks/Accelerate.framework/Versions/A/Frameworks/vImage.framework/Versions/A/vImage
0x0000000009db0000 	/System/Library/Frameworks/Accelerate.framework/Versions/A/Frameworks/vecLib.framework/Versions/A/vecLib
0x0000000009db0000 	/System/Library/Frameworks/Accelerate.framework/Versions/A/Frameworks/vecLib.framework/Versions/A/libvDSP.dylib
0x0000000009db0000 	/System/Library/Frameworks/Accelerate.framework/Versions/A/Frameworks/vecLib.framework/Versions/A/libvMisc.dylib
0x0000000009db0000 	/System/Library/Frameworks/Accelerate.framework/Versions/A/Frameworks/vecLib.framework/Versions/A/libLAPACK.dylib
0x0000000009db0000 	/System/Library/Frameworks/Accelerate.framework/Versions/A/Frameworks/vecLib.framework/Versions/A/libBLAS.dylib
0x0000000009db0000 	/System/Library/Frameworks/Accelerate.framework/Versions/A/Frameworks/vecLib.framework/Versions/A/libLinearAlgebra.dylib
0x0000000009db0000 	/System/Library/Frameworks/Accelerate.framework/Versions/A/Frameworks/vecLib.framework/Versions/A/libSparseBLAS.dylib
0x0000000009db0000 	/System/Library/PrivateFrameworks/GPUCompiler.framework/libmetal_timestamp.dylib
0x0000000009db0000 	/System/Library/Frameworks/OpenGL.framework/Versions/A/Libraries/libCoreFSCache.dylib
0x0000000009db0000 	/System/Library/PrivateFrameworks/IOAccelerator.framework/Versions/A/IOAccelerator
0x0000000009db0000 	/System/Library/Frameworks/ApplicationServices.framework/Versions/A/Frameworks/ATS.framework/Versions/A/Resources/libFontParser.dylib
0x0000000009db0000 	/System/Library/Frameworks/ApplicationServices.framework/Versions/A/Frameworks/ATS.framework/Versions/A/Resources/libFontRegistry.dylib
0x0000000009db0000 	/System/Library/PrivateFrameworks/AppleVPA.framework/Versions/A/AppleVPA
0x0000000009db0000 	/System/Library/PrivateFrameworks/AppleJPEG.framework/Versions/A/AppleJPEG
0x0000000009db0000 	/System/Library/Frameworks/ImageIO.framework/Versions/A/Resources/libJPEG.dylib
0x0000000009db0000 	/System/Library/Frameworks/ImageIO.framework/Versions/A/Resources/libTIFF.dylib
0x0000000009db0000 	/System/Library/Frameworks/ImageIO.framework/Versions/A/Resources/libPng.dylib
0x0000000009db0000 	/System/Library/Frameworks/ImageIO.framework/Versions/A/Resources/libGIF.dylib
0x0000000009db0000 	/System/Library/Frameworks/ImageIO.framework/Versions/A/Resources/libJP2.dylib
0x0000000009db0000 	/System/Library/Frameworks/ImageIO.framework/Versions/A/Resources/libRadiance.dylib
0x0000000009db0000 	/System/Library/Frameworks/CoreVideo.framework/Versions/A/CoreVideo
0x0000000009db0000 	/System/Library/Frameworks/OpenGL.framework/Versions/A/Libraries/libGLU.dylib
0x0000000009db0000 	/System/Library/Frameworks/OpenGL.framework/Versions/A/Libraries/libGFXShared.dylib
0x0000000009db0000 	/System/Library/Frameworks/OpenGL.framework/Versions/A/Libraries/libGL.dylib
0x0000000009db0000 	/System/Library/Frameworks/OpenGL.framework/Versions/A/Libraries/libGLImage.dylib
0x0000000009db0000 	/System/Library/Frameworks/OpenGL.framework/Versions/A/Libraries/libCVMSPluginSupport.dylib
0x0000000009db0000 	/System/Library/Frameworks/OpenGL.framework/Versions/A/Libraries/libCoreVMClient.dylib
0x0000000009db0000 	/usr/lib/libcups.2.dylib
0x0000000009db0000 	/System/Library/Frameworks/Kerberos.framework/Versions/A/Kerberos
0x0000000009db0000 	/System/Library/Frameworks/GSS.framework/Versions/A/GSS
0x0000000009db0000 	/usr/lib/libresolv.9.dylib
0x0000000009db0000 	/usr/lib/libiconv.2.dylib
0x0000000009db0000 	/System/Library/PrivateFrameworks/Heimdal.framework/Versions/A/Heimdal
0x0000000009db0000 	/usr/lib/libheimdal-asn1.dylib
0x0000000009db0000 	/System/Library/Frameworks/OpenDirectory.framework/Versions/A/OpenDirectory
0x0000000009db0000 	/System/Library/PrivateFrameworks/CommonAuth.framework/Versions/A/CommonAuth
0x0000000009db0000 	/System/Library/Frameworks/OpenDirectory.framework/Versions/A/Frameworks/CFOpenDirectory.framework/Versions/A/CFOpenDirectory
0x0000000009db0000 	/System/Library/Frameworks/SecurityFoundation.framework/Versions/A/SecurityFoundation
0x0000000009db0000 	/System/Library/PrivateFrameworks/LanguageModeling.framework/Versions/A/LanguageModeling
0x0000000009db0000 	/usr/lib/libmarisa.dylib
0x0000000009db0000 	/usr/lib/libChineseTokenizer.dylib
0x0000000009db0000 	/usr/lib/libcmph.dylib
0x0000000009db0000 	/usr/lib/libcompression.dylib
0x0000000009db0000 	/System/Library/Frameworks/ServiceManagement.framework/Versions/A/ServiceManagement
0x0000000009db0000 	/usr/lib/libxslt.1.dylib
0x0000000009db0000 	/System/Library/Frameworks/Carbon.framework/Versions/A/Frameworks/Ink.framework/Versions/A/Ink
0x0000000009db0000 	/usr/lib/libFosl_dynamic.dylib
0x0000000009db0000 	/System/Library/PrivateFrameworks/FaceCore.framework/Versions/A/FaceCore
0x0000000009db0000 	/System/Library/Frameworks/OpenCL.framework/Versions/A/OpenCL
0x0000000009db0000 	/System/Library/PrivateFrameworks/CrashReporterSupport.framework/Versions/A/CrashReporterSupport
0x0000000009db0000 	/System/Library/PrivateFrameworks/IconServices.framework/Versions/A/IconServices
0x0000000009db0000 	/System/Library/PrivateFrameworks/Apple80211.framework/Versions/A/Apple80211
0x0000000009db0000 	/System/Library/Frameworks/CoreWLAN.framework/Versions/A/CoreWLAN
0x0000000009db0000 	/System/Library/Frameworks/IOBluetooth.framework/Versions/A/IOBluetooth
0x0000000009db0000 	/System/Library/PrivateFrameworks/CoreWiFi.framework/Versions/A/CoreWiFi
0x0000000009db0000 	/System/Library/Frameworks/CoreBluetooth.framework/Versions/A/CoreBluetooth
0x0000000009db0000 	/System/Library/PrivateFrameworks/ChunkingLibrary.framework/Versions/A/ChunkingLibrary
0x0000000009db0000 	/System/Library/PrivateFrameworks/DebugSymbols.framework/Versions/A/DebugSymbols
0x0000000009db0000 	/System/Library/PrivateFrameworks/CoreSymbolication.framework/Versions/A/CoreSymbolication
0x0000000009db0000 	/System/Library/PrivateFrameworks/Symbolication.framework/Versions/A/Symbolication
0x0000000009db0000 	/System/Library/PrivateFrameworks/SpeechRecognitionCore.framework/Versions/A/SpeechRecognitionCore
0x0000000110c00000 	/Library/Java/JavaVirtualMachines/jdk1.8.0_45.jdk/Contents/Home/jre/lib/server/libjvm.dylib
0x0000000009db0000 	/usr/lib/libstdc++.6.dylib
0x000000010fac4000 	/Library/Java/JavaVirtualMachines/jdk1.8.0_45.jdk/Contents/Home/jre/lib/libverify.dylib
0x000000010fad2000 	/Library/Java/JavaVirtualMachines/jdk1.8.0_45.jdk/Contents/Home/jre/lib/libjava.dylib
0x000000010fb11000 	/Library/Java/JavaVirtualMachines/jdk1.8.0_45.jdk/Contents/Home/jre/lib/libzip.dylib
0x0000000128080000 	/System/Library/Frameworks/JavaVM.framework/Frameworks/JavaRuntimeSupport.framework/JavaRuntimeSupport
0x000000010fbe6000 	/System/Library/Frameworks/JavaVM.framework/Versions/A/Frameworks/JavaNativeFoundation.framework/Versions/A/JavaNativeFoundation
0x000000012809b000 	/System/Library/Frameworks/JavaVM.framework/Versions/A/JavaVM
0x0000000009db0000 	/System/Library/Frameworks/Carbon.framework/Versions/A/Carbon
0x00000001280a8000 	/System/Library/PrivateFrameworks/JavaLaunching.framework/Versions/A/JavaLaunching
0x0000000009db0000 	/System/Library/Frameworks/Carbon.framework/Versions/A/Frameworks/CommonPanels.framework/Versions/A/CommonPanels
0x0000000009db0000 	/System/Library/Frameworks/Carbon.framework/Versions/A/Frameworks/Help.framework/Versions/A/Help
0x0000000009db0000 	/System/Library/Frameworks/Carbon.framework/Versions/A/Frameworks/ImageCapture.framework/Versions/A/ImageCapture
0x0000000009db0000 	/System/Library/Frameworks/Carbon.framework/Versions/A/Frameworks/OpenScripting.framework/Versions/A/OpenScripting
0x0000000009db0000 	/System/Library/Frameworks/Carbon.framework/Versions/A/Frameworks/Print.framework/Versions/A/Print
0x0000000009db0000 	/System/Library/Frameworks/Carbon.framework/Versions/A/Frameworks/SecurityHI.framework/Versions/A/SecurityHI
0x0000000129a5d000 	/Library/Java/JavaVirtualMachines/jdk1.8.0_45.jdk/Contents/Home/jre/lib/libprism_es2.dylib
0x0000000009db0000 	/System/Library/Frameworks/OpenGL.framework/Versions/A/Resources/GLEngine.bundle/GLEngine
0x0000000009db0000 	/System/Library/Frameworks/OpenGL.framework/Versions/A/Libraries/libGLProgrammability.dylib
0x0000000129ade000 	/System/Library/Extensions/AppleIntelHD5000GraphicsGLDriver.bundle/Contents/MacOS/AppleIntelHD5000GraphicsGLDriver
0x0000000009db0000 	/System/Library/PrivateFrameworks/GPUSupport.framework/Versions/A/Libraries/libGPUSupportMercury.dylib
0x0000000009db0000 	/System/Library/Frameworks/OpenGL.framework/Versions/A/Resources/GLRendererFloat.bundle/GLRendererFloat
0x0000000009db0000 	/System/Library/Frameworks/OpenCL.framework/Versions/A/Libraries/libcldcpuengine.dylib
0x0000000009db0000 	/System/Library/PrivateFrameworks/DiskImages.framework/Versions/A/DiskImages
0x0000000009db0000 	/System/Library/Frameworks/DiscRecording.framework/Versions/A/DiscRecording
0x0000000009db0000 	/usr/lib/libcsfde.dylib
0x0000000009db0000 	/usr/lib/libcurl.4.dylib
0x0000000009db0000 	/System/Library/PrivateFrameworks/MediaKit.framework/Versions/A/MediaKit
0x0000000009db0000 	/System/Library/PrivateFrameworks/ProtectedCloudStorage.framework/Versions/A/ProtectedCloudStorage
0x0000000009db0000 	/usr/lib/libCoreStorage.dylib
0x0000000009db0000 	/System/Library/PrivateFrameworks/EFILogin.framework/Versions/A/EFILogin
0x0000000009db0000 	/usr/lib/libutil.dylib
0x0000000009db0000 	/System/Library/PrivateFrameworks/FindMyDevice.framework/Versions/A/FindMyDevice
0x0000000009db0000 	/System/Library/Frameworks/LDAP.framework/Versions/A/LDAP
0x0000000009db0000 	/usr/lib/libsasl2.2.dylib
0x0000000009db0000 	/System/Library/PrivateFrameworks/CoreDaemon.framework/Versions/B/CoreDaemon
0x0000000009db0000 	/usr/lib/libcrypto.0.9.8.dylib
0x0000000009db0000 	/System/Library/PrivateFrameworks/AppleSRP.framework/Versions/A/AppleSRP
0x0000000009db0000 	/System/Library/PrivateFrameworks/TrustEvaluationAgent.framework/Versions/A/TrustEvaluationAgent
0x000000012a661000 	/Library/Java/JavaVirtualMachines/jdk1.8.0_45.jdk/Contents/Home/jre/lib/libglass.dylib
0x0000000009db0000 	/System/Library/PrivateFrameworks/CoreServicesInternal.framework/Versions/A/CoreServicesInternal
0x000000012ad14000 	/System/Library/CoreServices/RawCamera.bundle/Contents/MacOS/RawCamera
0x0000000009db0000 	/System/Library/Frameworks/CoreGraphics.framework/Versions/A/Resources/libRIP.A.dylib
0x0000000009db0000 	/System/Library/Frameworks/Accelerate.framework/Versions/A/Frameworks/vImage.framework/Versions/A/Libraries/libCGInterfaces.dylib
0x0000000009db0000 	/System/Library/PrivateFrameworks/FamilyControls.framework/Versions/A/FamilyControls
0x0000000009db0000 	/System/Library/PrivateFrameworks/CommerceKit.framework/Versions/A/Frameworks/CommerceCore.framework/Versions/A/CommerceCore
0x0000000009db0000 	/System/Library/PrivateFrameworks/SystemAdministration.framework/Versions/A/SystemAdministration
0x0000000009db0000 	/System/Library/PrivateFrameworks/AppContainer.framework/Versions/A/AppContainer
0x0000000009db0000 	/System/Library/PrivateFrameworks/SecCodeWrapper.framework/Versions/A/SecCodeWrapper
0x0000000009db0000 	/System/Library/Frameworks/DirectoryService.framework/Versions/A/DirectoryService
0x0000000009db0000 	/System/Library/PrivateFrameworks/LoginUIKit.framework/Versions/A/Frameworks/LoginUICore.framework/Versions/A/LoginUICore
0x0000000009db0000 	/usr/lib/libodfde.dylib
0x000000012db98000 	/Library/Java/JavaVirtualMachines/jdk1.8.0_45.jdk/Contents/Home/jre/lib/libjfxwebkit.dylib
0x000000012fc20000 	/Library/Java/JavaVirtualMachines/jdk1.8.0_45.jdk/Contents/Home/jre/lib/libnio.dylib
0x000000012fc30000 	/Library/Java/JavaVirtualMachines/jdk1.8.0_45.jdk/Contents/Home/jre/lib/./libnet.dylib
0x000000012fcb6000 	/Library/Java/JavaVirtualMachines/jdk1.8.0_45.jdk/Contents/Home/jre/lib/libjavafx_font.dylib
0x0000000009db0000 	/System/Library/Frameworks/CoreGraphics.framework/Versions/A/Resources/libCGXType.A.dylib
0x0000000130a00000 	cl_kernels
0x0000000009db0000 	/System/Library/Frameworks/OpenCL.framework/Versions/A/Libraries/ImageFormats/unorm8_bgra.dylib
0x0000000009db0000 	/System/Library/Frameworks/OpenCL.framework/Versions/A/Libraries/ImageFormats/unorm8_rgba.dylib
0x000000012db87000 	/Library/Java/JavaVirtualMachines/jdk1.8.0_45.jdk/Contents/Home/jre/lib/libprism_common.dylib
0x00000001389f3000 	/System/Library/Extensions/AppleIntelHD5000GraphicsMTLDriver.bundle/Contents/MacOS/AppleIntelHD5000GraphicsMTLDriver

VM Arguments:
jvm_args: -Dfile.encoding=UTF-8 
java_command: Main
java_class_path (initial): /Users/aidancurtis/Documents/javaworkspace/CSV_Visualization/bin
Launcher Type: SUN_STANDARD

Environment Variables:
PATH=/usr/bin:/bin:/usr/sbin:/sbin
SHELL=/bin/bash
DISPLAY=/private/tmp/com.apple.launchd.LNjOSqikHU/org.macosforge.xquartz:0

Signal Handlers:
SIGSEGV: [libjvm.dylib+0x58ef95], sa_mask[0]=11111111011111110111111111111111, sa_flags=SA_ONSTACK|SA_RESTART|SA_SIGINFO
SIGBUS: [libjvm.dylib+0x58ef95], sa_mask[0]=11111111011111110111111111111111, sa_flags=SA_RESTART|SA_SIGINFO
SIGFPE: [libjvm.dylib+0x46c108], sa_mask[0]=11111111011111110111111111111111, sa_flags=SA_RESTART|SA_SIGINFO
SIGPIPE: [libjvm.dylib+0x46c108], sa_mask[0]=11111111011111110111111111111111, sa_flags=SA_RESTART|SA_SIGINFO
SIGXFSZ: [libjvm.dylib+0x46c108], sa_mask[0]=11111111011111110111111111111111, sa_flags=SA_RESTART|SA_SIGINFO
SIGILL: [libjvm.dylib+0x46c108], sa_mask[0]=11111111011111110111111111111111, sa_flags=SA_RESTART|SA_SIGINFO
SIGUSR1: SIG_DFL, sa_mask[0]=00000000000000000000000000000000, sa_flags=none
SIGUSR2: [libjvm.dylib+0x46bc26], sa_mask[0]=00100000000000000000000000000000, sa_flags=SA_RESTART|SA_SIGINFO
SIGHUP: [libjvm.dylib+0x46a1f9], sa_mask[0]=11111111011111110111111111111111, sa_flags=SA_RESTART|SA_SIGINFO
SIGINT: [libjvm.dylib+0x46a1f9], sa_mask[0]=11111111011111110111111111111111, sa_flags=SA_RESTART|SA_SIGINFO
SIGTERM: [libjvm.dylib+0x46a1f9], sa_mask[0]=11111111011111110111111111111111, sa_flags=SA_RESTART|SA_SIGINFO
SIGQUIT: [libjvm.dylib+0x46a1f9], sa_mask[0]=11111111011111110111111111111111, sa_flags=SA_RESTART|SA_SIGINFO


---------------  S Y S T E M  ---------------

OS:Bsduname:Darwin 15.2.0 Darwin Kernel Version 15.2.0: Fri Nov 13 19:56:56 PST 2015; root:xnu-3248.20.55~2/RELEASE_X86_64 x86_64
rlimit: STACK 8192k, CORE 0k, NPROC 709, NOFILE 10240, AS infinity
load average:3.33 2.80 2.27

CPU:total 8 (4 cores per cpu, 2 threads per core) family 6 model 70 stepping 1, cmov, cx8, fxsr, mmx, sse, sse2, sse3, ssse3, sse4.1, sse4.2, popcnt, avx, avx2, aes, clmul, erms, lzcnt, ht, tsc, tscinvbit, bmi1, bmi2

Memory: 4k page, physical 8388608k(652404k free)

/proc/meminfo:


vm_info: Java HotSpot(TM) 64-Bit Server VM (25.45-b02) for bsd-amd64 JRE (1.8.0_45-b14), built on Apr 10 2015 10:46:38 by "java_re" with gcc 4.2.1 (Based on Apple Inc. build 5658) (LLVM build 2336.11.00)

time: Wed Dec 23 11:42:13 2015
elapsed time: 61 seconds (0d 0h 1m 1s)

